<?xml version="1.0" encoding="UTF-8"?>
<!-- Generated by org.testng.reporters.JUnitXMLReporter -->
<testsuite ignored="0" hostname="LAPTOP-EC7C3FLA" failures="0" tests="7" name="Test" time="73.657" errors="0" timestamp="2024-10-04T16:20:56 CEST">
  <testcase classname="scenarios.AutoSuggestSearch" name="autoSuggestSearch" time="11.319"/>
  <testcase classname="scenarios.Checkboxes" name="multipleCheckboxes" time="9.894"/>
  <testcase classname="scenarios.SwitchingWindows" name="switchWin" time="12.469"/>
  <testcase classname="scenarios.SwitchingWindows" name="switchTab" time="9.953"/>
  <testcase classname="scenarios.RadioButtons" name="selectRdButtons" time="10.164"/>
  <testcase classname="scenarios.SelectMultiple" name="selectMultipleItems" time="9.779"/>
  <testcase classname="scenarios.SelectMultiple" name="selectSingleItem" time="10.013"/>
</testsuite> <!-- Test -->
