<?xml version="1.0" encoding="UTF-8"?>
<!-- Generated by org.testng.reporters.JUnitXMLReporter -->
<testsuite ignored="0" hostname="LAPTOP-EC7C3FLA" failures="0" tests="3" name="Test" time="28.543" errors="0" timestamp="2024-10-04T13:41:46 CEST">
  <testcase classname="scenarios.SwitchingWindows" name="switchWin" time="9.77"/>
  <testcase classname="scenarios.RadioButtons" name="selectRdButtons" time="9.178"/>
  <testcase classname="scenarios.SelectMultiple" name="selectMultipleItems" time="9.56"/>
</testsuite> <!-- Test -->
