<?xml version="1.0" encoding="UTF-8"?>
<testng-results ignored="0" total="7" passed="7" failed="0" skipped="0">
  <reporter-output>
  </reporter-output>
  <suite started-at="2024-10-04T16:19:42 CEST" name="Suite" finished-at="2024-10-04T16:20:56 CEST" duration-ms="73657">
    <groups>
    </groups>
    <test started-at="2024-10-04T16:19:42 CEST" name="Test" finished-at="2024-10-04T16:20:56 CEST" duration-ms="73657">
      <class name="scenarios.Checkboxes">
        <test-method signature="multipleCheckboxes()[pri:0, instance:scenarios.Checkboxes@79924b]" started-at="2024-10-04T16:19:53 CEST" name="multipleCheckboxes" finished-at="2024-10-04T16:20:03 CEST" duration-ms="9894" status="PASS">
          <reporter-output>
          </reporter-output>
        </test-method> <!-- multipleCheckboxes -->
      </class> <!-- scenarios.Checkboxes -->
      <class name="scenarios.SelectMultiple">
        <test-method signature="selectMultipleItems()[pri:1, instance:scenarios.SelectMultiple@4cc451f2]" started-at="2024-10-04T16:20:36 CEST" name="selectMultipleItems" finished-at="2024-10-04T16:20:46 CEST" duration-ms="9779" status="PASS">
          <reporter-output>
          </reporter-output>
        </test-method> <!-- selectMultipleItems -->
        <test-method signature="selectSingleItem()[pri:2, instance:scenarios.SelectMultiple@4cc451f2]" started-at="2024-10-04T16:20:46 CEST" name="selectSingleItem" finished-at="2024-10-04T16:20:56 CEST" duration-ms="10013" status="PASS">
          <reporter-output>
          </reporter-output>
        </test-method> <!-- selectSingleItem -->
      </class> <!-- scenarios.SelectMultiple -->
      <class name="scenarios.RadioButtons">
        <test-method signature="selectRdButtons()[pri:0, instance:scenarios.RadioButtons@4a94ee4]" started-at="2024-10-04T16:20:26 CEST" name="selectRdButtons" finished-at="2024-10-04T16:20:36 CEST" duration-ms="10164" status="PASS">
          <reporter-output>
          </reporter-output>
        </test-method> <!-- selectRdButtons -->
      </class> <!-- scenarios.RadioButtons -->
      <class name="scenarios.SwitchingWindows">
        <test-method signature="switchWin()[pri:1, instance:scenarios.SwitchingWindows@7b9a4292]" started-at="2024-10-04T16:20:03 CEST" name="switchWin" finished-at="2024-10-04T16:20:16 CEST" duration-ms="12469" status="PASS">
          <reporter-output>
          </reporter-output>
        </test-method> <!-- switchWin -->
        <test-method signature="switchTab()[pri:2, instance:scenarios.SwitchingWindows@7b9a4292]" started-at="2024-10-04T16:20:16 CEST" name="switchTab" finished-at="2024-10-04T16:20:26 CEST" duration-ms="9953" status="PASS">
          <reporter-output>
          </reporter-output>
        </test-method> <!-- switchTab -->
      </class> <!-- scenarios.SwitchingWindows -->
      <class name="scenarios.AutoSuggestSearch">
        <test-method signature="autoSuggestSearch()[pri:0, instance:scenarios.AutoSuggestSearch@1fa268de]" started-at="2024-10-04T16:19:42 CEST" name="autoSuggestSearch" finished-at="2024-10-04T16:19:53 CEST" duration-ms="11319" status="PASS">
          <reporter-output>
          </reporter-output>
        </test-method> <!-- autoSuggestSearch -->
      </class> <!-- scenarios.AutoSuggestSearch -->
    </test> <!-- Test -->
  </suite> <!-- Suite -->
</testng-results>
