<?xml version="1.0" encoding="UTF-8"?>
<testng-results ignored="0" total="1" passed="1" failed="0" skipped="0">
  <reporter-output>
  </reporter-output>
  <suite started-at="2024-10-04T12:38:12 CEST" name="Suite" finished-at="2024-10-04T12:38:22 CEST" duration-ms="9534">
    <groups>
    </groups>
    <test started-at="2024-10-04T12:38:12 CEST" name="Test" finished-at="2024-10-04T12:38:22 CEST" duration-ms="9534">
      <class name="scenarios.SwitchingWindows">
        <test-method signature="switchWin()[pri:0, instance:scenarios.SwitchingWindows@661972b0]" started-at="2024-10-04T12:38:13 CEST" name="switchWin" finished-at="2024-10-04T12:38:22 CEST" duration-ms="9426" status="PASS">
          <reporter-output>
          </reporter-output>
        </test-method> <!-- switchWin -->
      </class> <!-- scenarios.SwitchingWindows -->
    </test> <!-- Test -->
  </suite> <!-- Suite -->
</testng-results>
