<?xml version="1.0" encoding="UTF-8"?>
<testng-results ignored="0" total="1" passed="1" failed="0" skipped="0">
  <reporter-output>
  </reporter-output>
  <suite started-at="2024-10-04T13:39:05 CEST" name="Default suite" finished-at="2024-10-04T13:39:15 CEST" duration-ms="9814">
    <groups>
    </groups>
    <test started-at="2024-10-04T13:39:05 CEST" name="Default test" finished-at="2024-10-04T13:39:15 CEST" duration-ms="9814">
      <class name="scenarios.SelectMultiple">
        <test-method signature="selectMultipleItems()[pri:0, instance:scenarios.SelectMultiple@39529185]" started-at="2024-10-04T13:39:05 CEST" name="selectMultipleItems" finished-at="2024-10-04T13:39:15 CEST" duration-ms="9775" status="PASS">
          <reporter-output>
          </reporter-output>
        </test-method> <!-- selectMultipleItems -->
      </class> <!-- scenarios.SelectMultiple -->
    </test> <!-- Default test -->
  </suite> <!-- Default suite -->
</testng-results>
