<?xml version="1.0" encoding="UTF-8"?>
<testng-results ignored="0" total="1" passed="1" failed="0" skipped="0">
  <reporter-output>
  </reporter-output>
  <suite started-at="2024-10-04T13:03:52 CEST" name="Default suite" finished-at="2024-10-04T13:04:00 CEST" duration-ms="8106">
    <groups>
    </groups>
    <test started-at="2024-10-04T13:03:52 CEST" name="Default test" finished-at="2024-10-04T13:04:00 CEST" duration-ms="8106">
      <class name="scenarios.RadioButtons">
        <test-method signature="selectRdButtons()[pri:0, instance:scenarios.RadioButtons@39529185]" started-at="2024-10-04T13:03:52 CEST" name="selectRdButtons" finished-at="2024-10-04T13:04:00 CEST" duration-ms="8045" status="PASS">
          <reporter-output>
          </reporter-output>
        </test-method> <!-- selectRdButtons -->
      </class> <!-- scenarios.RadioButtons -->
    </test> <!-- Default test -->
  </suite> <!-- Default suite -->
</testng-results>
